[2024-08-15 14:43:26.859] [airbot] [warning] Target end effector position out of boundary!
[2024-08-15 14:43:26.859] [airbot] [warning] Target end effector position out of boundary!
[2024-08-15 14:43:26.859] [airbot] [warning] Target end effector position out of boundary!
[2024-08-15 14:43:26.859] [airbot] [warning] Target end effector position out of boundary!
[2024-08-15 14:43:26.859] [airbot] [warning] Target end effector position out of boundary!
[2024-08-15 14:43:26.859] [airbot] [warning] Target end effector position out of boundary!
[2024-08-15 14:43:26.859] [airbot] [warning] Target end effector position out of boundary!
[2024-08-15 14:43:26.859] [airbot] [warning] Target end effector position out of boundary!
[2024-08-15 14:43:26.859] [airbot] [warning] Target end effector position out of boundary!
[2024-08-15 14:43:26.859] [airbot] [warning] Target end effector position out of boundary!
[2024-08-15 14:43:26.859] [airbot] [warning] Target end effector position out of boundary!
[2024-08-15 14:43:26.859] [airbot] [warning] Target end effector position out of boundary!
[2024-08-15 14:43:26.859] [airbot] [warning] Target end effector position out of boundary!
[2024-08-15 14:43:26.859] [airbot] [warning] Target end effector position out of boundary!
[2024-08-15 14:43:26.859] [airbot] [warning] Target end effector position out of boundary!
[2024-08-15 14:43:26.859] [airbot] [warning] Target end effector position out of boundary!
[2024-08-15 14:43:26.859] [airbot] [warning] Target end effector position out of boundary!
[2024-08-15 14:43:26.859] [airbot] [warning] Target end effector position out of boundary!
[2024-08-15 14:43:26.859] [airbot] [warning] Target end effector position out of boundary!
[2024-08-15 14:43:26.859] [airbot] [warning] Target end effector position out of boundary!
[2024-08-15 14:43:26.859] [airbot] [warning] Target end effector position out of boundary!
[2024-08-15 14:43:26.859] [airbot] [warning] Target end effector position out of boundary!
[2024-08-15 14:43:26.859] [airbot] [warning] Target end effector position out of boundary!
[2024-08-15 14:43:26.859] [airbot] [warning] Target end effector position out of boundary!
[2024-08-15 14:43:26.859] [airbot] [warning] Target end effector position out of boundary!
[2024-08-15 14:43:26.859] [airbot] [warning] Target end effector position out of boundary!
[2024-08-15 14:43:26.859] [airbot] [warning] Target end effector position out of boundary!
[2024-08-15 14:43:26.859] [airbot] [warning] Target end effector position out of boundary!
[2024-08-15 14:43:26.859] [airbot] [warning] Target end effector position out of boundary!
[2024-08-15 14:43:26.859] [airbot] [warning] Target end effector position out of boundary!
[2024-08-15 14:43:26.859] [airbot] [warning] Target end effector position out of boundary!
[2024-08-15 14:43:26.859] [airbot] [warning] Target end effector position out of boundary!
[2024-08-15 14:43:26.859] [airbot] [warning] Target end effector position out of boundary!
[2024-08-15 14:43:26.859] [airbot] [warning] Target end effector position out of boundary!
[2024-08-15 14:43:26.859] [airbot] [warning] Target end effector position out of boundary!
[2024-08-15 14:43:26.859] [airbot] [warning] Target end effector position out of boundary!
[2024-08-15 14:43:26.859] [airbot] [warning] Target end effector position out of boundary!
[2024-08-15 14:43:26.859] [airbot] [warning] Target end effector position out of boundary!
[2024-08-15 14:43:26.859] [airbot] [warning] Target end effector position out of boundary!
[2024-08-15 14:43:26.859] [airbot] [warning] Target end effector position out of boundary!
[2024-08-15 14:43:26.859] [airbot] [warning] Target end effector position out of boundary!
[2024-08-15 14:43:26.859] [airbot] [warning] Target end effector position out of boundary!
[2024-08-15 14:43:26.859] [airbot] [warning] Target end effector position out of boundary!
[2024-08-15 14:43:26.859] [airbot] [warning] Target end effector position out of boundary!
[2024-08-15 14:43:26.859] [airbot] [warning] Target end effector position out of boundary!
[2024-08-15 14:43:26.859] [airbot] [warning] Target end effector position out of boundary!
[2024-08-15 14:43:26.859] [airbot] [warning] Target end effector position out of boundary!
[2024-08-15 14:43:26.859] [airbot] [warning] Target end effector position out of boundary!
[2024-08-15 14:43:26.859] [airbot] [warning] Target end effector position out of boundary!
[2024-08-15 14:43:26.859] [airbot] [warning] Target end effector position out of boundary!
[2024-08-15 14:43:26.859] [airbot] [warning] Target end effector position out of boundary!
[2024-08-15 14:43:26.859] [airbot] [warning] Target end effector position out of boundary!
[2024-08-15 14:43:26.859] [airbot] [warning] Target end effector position out of boundary!
[2024-08-15 14:43:26.859] [airbot] [warning] Target end effector position out of boundary!
[2024-08-15 14:43:26.859] [airbot] [warning] Target end effector position out of boundary!
[2024-08-15 14:43:26.859] [airbot] [warning] Target end effector position out of boundary!
[2024-08-15 14:43:26.859] [airbot] [warning] Target end effector position out of boundary!
[2024-08-15 14:43:26.859] [airbot] [warning] Target end effector position out of boundary!
[2024-08-15 14:43:26.859] [airbot] [warning] Target end effector position out of boundary!
[2024-08-15 14:43:26.859] [airbot] [warning] Target end effector position out of boundary!
[2024-08-15 14:43:26.859] [airbot] [warning] Target end effector position out of boundary!
[2024-08-15 14:43:26.859] [airbot] [warning] Target end effector position out of boundary!
[2024-08-15 14:43:26.859] [airbot] [warning] Target end effector position out of boundary!
[2024-08-15 14:43:26.859] [airbot] [warning] Target end effector position out of boundary!
[2024-08-15 14:43:26.859] [airbot] [warning] Target end effector position out of boundary!
[2024-08-15 14:43:26.859] [airbot] [warning] Target end effector position out of boundary!
[2024-08-15 14:43:26.860] [airbot] [warning] Target end effector position out of boundary!
[2024-08-15 14:43:26.860] [airbot] [warning] Target end effector position out of boundary!
[2024-08-15 14:43:26.860] [airbot] [warning] Target end effector position out of boundary!
[2024-08-15 14:43:26.860] [airbot] [warning] Target end effector position out of boundary!
[2024-08-15 14:43:26.860] [airbot] [warning] Target end effector position out of boundary!
[2024-08-15 14:43:26.860] [airbot] [warning] Target end effector position out of boundary!
[2024-08-15 14:43:26.860] [airbot] [warning] Target end effector position out of boundary!
[2024-08-15 14:43:26.860] [airbot] [warning] Target end effector position out of boundary!
[2024-08-15 14:43:26.860] [airbot] [warning] Target end effector position out of boundary!
[2024-08-15 14:43:26.860] [airbot] [warning] Target end effector position out of boundary!
[2024-08-15 14:43:26.860] [airbot] [warning] Target end effector position out of boundary!
[2024-08-15 14:43:26.860] [airbot] [warning] Target end effector position out of boundary!
[2024-08-15 14:43:26.860] [airbot] [warning] Target end effector position out of boundary!
[2024-08-15 14:43:26.860] [airbot] [warning] Target end effector position out of boundary!
[2024-08-15 14:43:26.860] [airbot] [warning] Target end effector position out of boundary!
[2024-08-15 14:43:26.860] [airbot] [warning] Target end effector position out of boundary!
[2024-08-15 14:43:26.860] [airbot] [warning] Target end effector position out of boundary!
[2024-08-15 14:43:26.860] [airbot] [warning] Target end effector position out of boundary!
[2024-08-15 14:43:26.860] [airbot] [warning] Target end effector position out of boundary!
[2024-08-15 14:43:26.860] [airbot] [warning] Target end effector position out of boundary!
[2024-08-15 14:43:26.860] [airbot] [warning] Target end effector position out of boundary!
[2024-08-15 14:43:26.860] [airbot] [warning] Target end effector position out of boundary!
[2024-08-15 14:43:26.860] [airbot] [warning] Target end effector position out of boundary!
[2024-08-15 14:43:26.860] [airbot] [warning] Target end effector position out of boundary!
[2024-08-15 14:43:26.860] [airbot] [warning] Target end effector position out of boundary!
[2024-08-15 14:43:26.860] [airbot] [warning] Target end effector position out of boundary!
[2024-08-15 14:43:26.860] [airbot] [warning] Target end effector position out of boundary!
[2024-08-15 14:43:26.860] [airbot] [warning] Target end effector position out of boundary!
[2024-08-15 14:43:26.860] [airbot] [warning] Target end effector position out of boundary!
[2024-08-15 14:43:26.860] [airbot] [warning] Target end effector position out of boundary!
[2024-08-15 14:43:26.860] [airbot] [warning] Target end effector position out of boundary!
[2024-08-15 14:43:26.860] [airbot] [warning] Target end effector position out of boundary!
[2024-08-15 14:43:26.860] [airbot] [warning] Target end effector position out of boundary!
[2024-08-15 14:43:26.860] [airbot] [warning] Target end effector position out of boundary!
[2024-08-15 14:43:26.860] [airbot] [warning] Target end effector position out of boundary!
[2024-08-15 14:43:26.860] [airbot] [warning] Target end effector position out of boundary!
[2024-08-15 14:43:26.860] [airbot] [warning] Target end effector position out of boundary!
[2024-08-15 14:43:26.860] [airbot] [warning] Target end effector position out of boundary!
[2024-08-15 14:43:26.860] [airbot] [warning] Target end effector position out of boundary!
[2024-08-15 14:43:26.860] [airbot] [warning] Target end effector position out of boundary!
[2024-08-15 14:43:26.860] [airbot] [warning] Target end effector position out of boundary!
[2024-08-15 14:43:26.860] [airbot] [warning] Target end effector position out of boundary!
[2024-08-15 14:43:26.860] [airbot] [warning] Target end effector position out of boundary!
[2024-08-15 14:43:26.860] [airbot] [warning] Target end effector position out of boundary!
[2024-08-15 14:43:26.860] [airbot] [warning] Target end effector position out of boundary!
[2024-08-15 14:43:26.860] [airbot] [warning] Target end effector position out of boundary!
[2024-08-15 14:43:26.860] [airbot] [warning] Target end effector position out of boundary!
[2024-08-15 14:43:26.860] [airbot] [warning] Target end effector position out of boundary!
[2024-08-15 14:43:26.860] [airbot] [warning] Target end effector position out of boundary!
[2024-08-15 14:43:26.860] [airbot] [warning] Target end effector position out of boundary!
[2024-08-15 14:43:26.860] [airbot] [warning] Target end effector position out of boundary!
[2024-08-15 14:43:26.860] [airbot] [warning] Target end effector position out of boundary!
[2024-08-15 14:43:26.860] [airbot] [warning] Target end effector position out of boundary!
[2024-08-15 14:43:26.860] [airbot] [warning] Target end effector position out of boundary!
[2024-08-15 14:43:26.860] [airbot] [warning] Target end effector position out of boundary!
[2024-08-15 14:43:26.860] [airbot] [warning] Target end effector position out of boundary!
[2024-08-15 14:43:26.860] [airbot] [warning] Target end effector position out of boundary!
[2024-08-15 14:43:26.860] [airbot] [warning] Target end effector position out of boundary!
[2024-08-15 14:43:26.860] [airbot] [warning] Target end effector position out of boundary!
[2024-08-15 14:43:26.860] [airbot] [warning] Target end effector position out of boundary!
[2024-08-15 14:43:26.860] [airbot] [warning] Target end effector position out of boundary!
[2024-08-15 14:43:26.860] [airbot] [warning] Target end effector position out of boundary!
[2024-08-15 14:43:26.860] [airbot] [warning] Target end effector position out of boundary!
[2024-08-15 14:43:26.860] [airbot] [warning] Target end effector position out of boundary!
[2024-08-15 14:43:26.860] [airbot] [warning] Target end effector position out of boundary!
[2024-08-15 14:43:26.860] [airbot] [warning] Target end effector position out of boundary!
[2024-08-15 14:43:26.860] [airbot] [warning] Target end effector position out of boundary!
[2024-08-15 14:43:26.860] [airbot] [warning] Target end effector position out of boundary!
[2024-08-15 14:43:26.860] [airbot] [warning] Target end effector position out of boundary!
[2024-08-15 14:43:26.860] [airbot] [warning] Target end effector position out of boundary!
[2024-08-15 14:43:26.860] [airbot] [warning] Target end effector position out of boundary!
[2024-08-15 14:43:26.860] [airbot] [warning] Target end effector position out of boundary!
[2024-08-15 14:43:26.860] [airbot] [warning] Target end effector position out of boundary!
[2024-08-15 14:43:26.860] [airbot] [warning] Target end effector position out of boundary!
[2024-08-15 14:43:26.860] [airbot] [warning] Target end effector position out of boundary!
[2024-08-15 14:43:26.860] [airbot] [warning] Target end effector position out of boundary!
[2024-08-15 14:43:26.860] [airbot] [warning] Target end effector position out of boundary!
[2024-08-15 14:43:26.860] [airbot] [warning] Target end effector position out of boundary!
[2024-08-15 14:43:26.860] [airbot] [warning] Target end effector position out of boundary!
[2024-08-15 14:43:26.860] [airbot] [warning] Target end effector position out of boundary!
[2024-08-15 14:43:26.860] [airbot] [warning] Target end effector position out of boundary!
[2024-08-15 14:43:26.860] [airbot] [warning] Target end effector position out of boundary!
[2024-08-15 14:43:26.860] [airbot] [warning] Target end effector position out of boundary!
[2024-08-15 14:43:26.860] [airbot] [warning] Target end effector position out of boundary!
[2024-08-15 14:43:26.860] [airbot] [warning] Target end effector position out of boundary!
[2024-08-15 14:43:26.860] [airbot] [warning] Target end effector position out of boundary!
[2024-08-15 14:43:26.860] [airbot] [warning] Target end effector position out of boundary!
[2024-08-15 14:43:26.860] [airbot] [warning] Target end effector position out of boundary!
[2024-08-15 14:43:26.860] [airbot] [warning] Target end effector position out of boundary!
[2024-08-15 14:43:26.860] [airbot] [warning] Target end effector position out of boundary!
[2024-08-15 14:43:26.860] [airbot] [warning] Target end effector position out of boundary!
[2024-08-15 14:43:26.860] [airbot] [warning] Target end effector position out of boundary!
[2024-08-15 14:43:26.860] [airbot] [warning] Target end effector position out of boundary!
[2024-08-15 14:43:26.860] [airbot] [warning] Target end effector position out of boundary!
[2024-08-15 14:43:26.860] [airbot] [warning] Target end effector position out of boundary!
[2024-08-15 14:43:26.860] [airbot] [warning] Target end effector position out of boundary!
[2024-08-15 14:43:26.860] [airbot] [warning] Target end effector position out of boundary!
[2024-08-15 14:43:26.860] [airbot] [warning] Target end effector position out of boundary!
[2024-08-15 14:43:26.860] [airbot] [warning] Target end effector position out of boundary!
[2024-08-15 14:43:26.860] [airbot] [warning] Target end effector position out of boundary!
[2024-08-15 14:43:26.860] [airbot] [warning] Target end effector position out of boundary!
[2024-08-15 14:43:26.860] [airbot] [warning] Target end effector position out of boundary!
[2024-08-15 14:43:26.860] [airbot] [warning] Target end effector position out of boundary!
[2024-08-15 14:43:26.860] [airbot] [warning] Target end effector position out of boundary!
[2024-08-15 14:43:26.860] [airbot] [warning] Target end effector position out of boundary!
[2024-08-15 14:43:26.860] [airbot] [warning] Target end effector position out of boundary!
[2024-08-15 14:43:26.860] [airbot] [warning] Target end effector position out of boundary!
[2024-08-15 14:43:26.860] [airbot] [warning] Target end effector position out of boundary!
[2024-08-15 14:43:26.860] [airbot] [warning] Target end effector position out of boundary!
[2024-08-15 14:43:26.860] [airbot] [warning] Target end effector position out of boundary!
[2024-08-15 14:43:26.860] [airbot] [warning] Target end effector position out of boundary!
[2024-08-15 14:43:26.860] [airbot] [warning] Target end effector position out of boundary!
[2024-08-15 14:43:26.860] [airbot] [warning] Target end effector position out of boundary!
[2024-08-15 14:43:26.860] [airbot] [warning] Target end effector position out of boundary!
[2024-08-15 14:43:26.860] [airbot] [warning] Target end effector position out of boundary!
[2024-08-15 14:43:26.860] [airbot] [warning] Target end effector position out of boundary!
[2024-08-15 14:43:26.860] [airbot] [warning] Target end effector position out of boundary!
[2024-08-15 14:43:26.860] [airbot] [warning] Target end effector position out of boundary!
[2024-08-15 14:43:26.860] [airbot] [warning] Target end effector position out of boundary!
[2024-08-15 14:43:26.860] [airbot] [warning] Target end effector position out of boundary!
[2024-08-15 14:43:26.860] [airbot] [warning] Target end effector position out of boundary!
[2024-08-15 14:43:26.860] [airbot] [warning] Target end effector position out of boundary!
[2024-08-15 14:43:26.860] [airbot] [warning] Target end effector position out of boundary!
[2024-08-15 14:43:26.860] [airbot] [warning] Target end effector position out of boundary!
[2024-08-15 14:43:26.860] [airbot] [warning] Target end effector position out of boundary!
[2024-08-15 14:43:26.860] [airbot] [warning] Target end effector position out of boundary!
[2024-08-15 14:43:26.860] [airbot] [warning] Target end effector position out of boundary!
[2024-08-15 14:43:26.860] [airbot] [warning] Target end effector position out of boundary!
[2024-08-15 14:43:26.860] [airbot] [warning] Target end effector position out of boundary!
[2024-08-15 14:43:26.860] [airbot] [warning] Target end effector position out of boundary!
[2024-08-15 14:43:26.860] [airbot] [warning] Target end effector position out of boundary!
[2024-08-15 14:43:26.860] [airbot] [warning] Target end effector position out of boundary!
[2024-08-15 14:43:26.860] [airbot] [warning] Target end effector position out of boundary!
[2024-08-15 14:43:26.860] [airbot] [warning] Target end effector position out of boundary!
[2024-08-15 14:43:26.860] [airbot] [warning] Target end effector position out of boundary!
[2024-08-15 14:43:26.860] [airbot] [warning] Target end effector position out of boundary!
[2024-08-15 14:43:26.860] [airbot] [warning] Target end effector position out of boundary!
[2024-08-15 14:43:26.860] [airbot] [warning] Target end effector position out of boundary!
[2024-08-15 14:43:26.860] [airbot] [warning] Target end effector position out of boundary!
[2024-08-15 14:43:26.860] [airbot] [warning] Target end effector position out of boundary!
[2024-08-15 14:43:26.860] [airbot] [warning] Target end effector position out of boundary!
[2024-08-15 14:43:26.860] [airbot] [warning] Target end effector position out of boundary!
[2024-08-15 14:43:26.860] [airbot] [warning] Target end effector position out of boundary!
[2024-08-15 14:43:26.860] [airbot] [warning] Target end effector position out of boundary!
[2024-08-15 14:43:26.860] [airbot] [warning] Target end effector position out of boundary!
[2024-08-15 14:43:26.860] [airbot] [warning] Target end effector position out of boundary!
[2024-08-15 14:43:26.860] [airbot] [warning] Target end effector position out of boundary!
[2024-08-15 14:43:26.860] [airbot] [warning] Target end effector position out of boundary!
[2024-08-15 14:43:26.860] [airbot] [warning] Target end effector position out of boundary!
[2024-08-15 14:43:26.860] [airbot] [warning] Target end effector position out of boundary!
[2024-08-15 14:43:26.860] [airbot] [warning] Target end effector position out of boundary!
[2024-08-15 14:43:26.860] [airbot] [warning] Target end effector position out of boundary!
[2024-08-15 14:43:26.860] [airbot] [warning] Target end effector position out of boundary!
[2024-08-15 14:43:26.860] [airbot] [warning] Target end effector position out of boundary!
[2024-08-15 14:43:26.860] [airbot] [warning] Target end effector position out of boundary!
[2024-08-15 14:43:26.860] [airbot] [warning] Target end effector position out of boundary!
[2024-08-15 14:43:26.860] [airbot] [warning] Target end effector position out of boundary!
[2024-08-15 14:43:26.860] [airbot] [warning] Target end effector position out of boundary!
[2024-08-15 14:43:26.860] [airbot] [warning] Target end effector position out of boundary!
[2024-08-15 14:43:26.860] [airbot] [warning] Target end effector position out of boundary!
[2024-08-15 14:43:26.860] [airbot] [warning] Target end effector position out of boundary!
[2024-08-15 14:43:26.860] [airbot] [warning] Target end effector position out of boundary!
[2024-08-15 14:43:26.860] [airbot] [warning] Target end effector position out of boundary!
[2024-08-15 14:43:26.860] [airbot] [warning] Target end effector position out of boundary!
[2024-08-15 14:43:26.860] [airbot] [warning] Target end effector position out of boundary!
[2024-08-15 14:43:26.860] [airbot] [warning] Target end effector position out of boundary!
[2024-08-15 14:43:26.860] [airbot] [warning] Target end effector position out of boundary!
[2024-08-15 14:43:26.860] [airbot] [warning] Target end effector position out of boundary!
[2024-08-15 14:43:26.860] [airbot] [warning] Target end effector position out of boundary!
[2024-08-15 14:43:26.860] [airbot] [warning] Target end effector position out of boundary!
[2024-08-15 14:43:26.860] [airbot] [warning] Target end effector position out of boundary!
[2024-08-15 14:43:26.860] [airbot] [warning] Target end effector position out of boundary!
[2024-08-15 14:43:26.860] [airbot] [warning] Target end effector position out of boundary!
[2024-08-15 14:43:26.860] [airbot] [warning] Target end effector position out of boundary!
[2024-08-15 14:43:26.860] [airbot] [warning] Target end effector position out of boundary!
[2024-08-15 14:43:26.860] [airbot] [warning] Target end effector position out of boundary!
[2024-08-15 14:43:26.860] [airbot] [warning] Target end effector position out of boundary!
[2024-08-15 14:43:26.860] [airbot] [warning] Target end effector position out of boundary!
[2024-08-15 14:43:26.860] [airbot] [warning] Target end effector position out of boundary!
[2024-08-15 14:43:26.860] [airbot] [warning] Target end effector position out of boundary!
[2024-08-15 14:43:26.860] [airbot] [warning] Target end effector position out of boundary!
[2024-08-15 14:43:26.860] [airbot] [warning] Target end effector position out of boundary!
[2024-08-15 14:43:26.860] [airbot] [warning] Target end effector position out of boundary!
[2024-08-15 14:43:26.860] [airbot] [warning] Target end effector position out of boundary!
[2024-08-15 14:43:26.860] [airbot] [warning] Target end effector position out of boundary!
[2024-08-15 14:43:26.860] [airbot] [warning] Target end effector position out of boundary!
[2024-08-15 14:43:26.860] [airbot] [warning] Target end effector position out of boundary!
[2024-08-15 14:43:26.860] [airbot] [warning] Target end effector position out of boundary!
[2024-08-15 14:43:26.860] [airbot] [warning] Target end effector position out of boundary!
[2024-08-15 14:43:26.860] [airbot] [warning] Target end effector position out of boundary!
[2024-08-15 14:43:26.860] [airbot] [warning] Target end effector position out of boundary!
[2024-08-15 14:43:26.860] [airbot] [warning] Target end effector position out of boundary!
[2024-08-15 14:43:26.860] [airbot] [warning] Target end effector position out of boundary!
[2024-08-15 14:43:26.860] [airbot] [warning] Target end effector position out of boundary!
[2024-08-15 14:43:26.860] [airbot] [warning] Target end effector position out of boundary!
[2024-08-15 14:43:26.860] [airbot] [warning] Target end effector position out of boundary!
[2024-08-15 14:43:26.860] [airbot] [warning] Target end effector position out of boundary!
[2024-08-15 14:43:26.860] [airbot] [warning] Target end effector position out of boundary!
[2024-08-15 14:43:26.860] [airbot] [warning] Target end effector position out of boundary!
[2024-08-15 14:43:26.860] [airbot] [warning] Target end effector position out of boundary!
[2024-08-15 14:43:26.860] [airbot] [warning] Target end effector position out of boundary!
[2024-08-15 14:43:26.860] [airbot] [warning] Target end effector position out of boundary!
[2024-08-15 14:43:26.860] [airbot] [warning] Target end effector position out of boundary!
[2024-08-15 14:43:26.860] [airbot] [warning] Target end effector position out of boundary!
[2024-08-15 14:43:26.860] [airbot] [warning] Target end effector position out of boundary!
[2024-08-15 14:43:26.860] [airbot] [warning] Target end effector position out of boundary!
[2024-08-15 14:43:26.860] [airbot] [warning] Target end effector position out of boundary!
[2024-08-15 14:43:26.860] [airbot] [warning] Target end effector position out of boundary!
[2024-08-15 14:43:26.860] [airbot] [warning] Target end effector position out of boundary!
[2024-08-15 14:43:26.860] [airbot] [warning] Target end effector position out of boundary!
[2024-08-15 14:43:26.860] [airbot] [warning] Target end effector position out of boundary!
[2024-08-15 14:43:26.860] [airbot] [warning] Target end effector position out of boundary!
[2024-08-15 14:43:26.860] [airbot] [warning] Target end effector position out of boundary!
[2024-08-15 14:43:26.860] [airbot] [warning] Target end effector position out of boundary!
[2024-08-15 14:43:26.860] [airbot] [warning] Target end effector position out of boundary!
[2024-08-15 14:43:26.860] [airbot] [warning] Target end effector position out of boundary!
[2024-08-15 14:43:26.860] [airbot] [warning] Target end effector position out of boundary!
[2024-08-15 14:43:26.860] [airbot] [warning] Target end effector position out of boundary!
[2024-08-15 14:43:26.860] [airbot] [warning] Target end effector position out of boundary!
[2024-08-15 14:43:26.860] [airbot] [warning] Target end effector position out of boundary!
[2024-08-15 14:43:26.860] [airbot] [warning] Target end effector position out of boundary!
[2024-08-15 14:43:26.860] [airbot] [warning] Target end effector position out of boundary!
[2024-08-15 14:43:26.860] [airbot] [warning] Target end effector position out of boundary!
[2024-08-15 14:43:26.860] [airbot] [warning] Target end effector position out of boundary!
[2024-08-15 14:43:26.860] [airbot] [warning] Target end effector position out of boundary!
[2024-08-15 14:43:26.860] [airbot] [warning] Target end effector position out of boundary!
[2024-08-15 14:43:26.860] [airbot] [warning] Target end effector position out of boundary!
[2024-08-15 14:43:26.860] [airbot] [warning] Target end effector position out of boundary!
[2024-08-15 14:43:26.860] [airbot] [warning] Target end effector position out of boundary!
[2024-08-15 14:43:26.860] [airbot] [warning] Target end effector position out of boundary!
[2024-08-15 14:43:26.860] [airbot] [warning] Target end effector position out of boundary!
[2024-08-15 14:43:26.860] [airbot] [warning] Target end effector position out of boundary!
[2024-08-15 14:43:26.860] [airbot] [warning] Target end effector position out of boundary!
[2024-08-15 14:43:26.860] [airbot] [warning] Target end effector position out of boundary!
[2024-08-15 14:43:26.860] [airbot] [warning] Target end effector position out of boundary!
[2024-08-15 14:43:26.860] [airbot] [warning] Target end effector position out of boundary!
[2024-08-15 14:43:26.860] [airbot] [warning] Target end effector position out of boundary!
[2024-08-15 14:43:26.860] [airbot] [warning] Target end effector position out of boundary!
[2024-08-15 14:43:26.860] [airbot] [warning] Target end effector position out of boundary!
[2024-08-15 14:43:26.860] [airbot] [warning] Target end effector position out of boundary!
[2024-08-15 14:43:26.860] [airbot] [warning] Target end effector position out of boundary!
[2024-08-15 14:43:26.860] [airbot] [warning] Target end effector position out of boundary!
[2024-08-15 14:43:26.860] [airbot] [warning] Target end effector position out of boundary!
[2024-08-15 14:43:26.860] [airbot] [warning] Target end effector position out of boundary!
[2024-08-15 14:43:26.860] [airbot] [warning] Target end effector position out of boundary!
[2024-08-15 14:43:26.860] [airbot] [warning] Target end effector position out of boundary!
[2024-08-15 14:43:26.860] [airbot] [warning] Target end effector position out of boundary!
[2024-08-15 14:43:26.860] [airbot] [warning] Target end effector position out of boundary!
[2024-08-15 14:43:26.860] [airbot] [warning] Target end effector position out of boundary!
[2024-08-15 14:43:26.860] [airbot] [warning] Target end effector position out of boundary!
[2024-08-15 14:43:26.860] [airbot] [warning] Target end effector position out of boundary!
[2024-08-15 14:43:26.860] [airbot] [warning] Target end effector position out of boundary!
[2024-08-15 14:43:26.860] [airbot] [warning] Target end effector position out of boundary!
[2024-08-15 14:43:26.860] [airbot] [warning] Target end effector position out of boundary!
[2024-08-15 14:43:26.860] [airbot] [warning] Target end effector position out of boundary!
[2024-08-15 14:43:26.860] [airbot] [warning] Target end effector position out of boundary!
[2024-08-15 14:43:26.860] [airbot] [warning] Target end effector position out of boundary!
[2024-08-15 14:43:26.860] [airbot] [warning] Target end effector position out of boundary!
[2024-08-15 14:43:26.860] [airbot] [warning] Target end effector position out of boundary!
[2024-08-15 14:43:26.860] [airbot] [warning] Target end effector position out of boundary!
[2024-08-15 14:43:26.860] [airbot] [warning] Target end effector position out of boundary!
[2024-08-15 14:43:26.860] [airbot] [warning] Target end effector position out of boundary!
[2024-08-15 14:43:26.860] [airbot] [warning] Target end effector position out of boundary!
[2024-08-15 14:43:26.860] [airbot] [warning] Target end effector position out of boundary!
[2024-08-15 14:43:26.860] [airbot] [warning] Target end effector position out of boundary!
[2024-08-15 14:43:26.860] [airbot] [warning] Target end effector position out of boundary!
[2024-08-15 14:43:26.860] [airbot] [warning] Target end effector position out of boundary!
[2024-08-15 14:43:26.860] [airbot] [warning] Target end effector position out of boundary!
[2024-08-15 14:43:26.860] [airbot] [warning] Target end effector position out of boundary!
[2024-08-15 14:43:26.860] [airbot] [warning] Target end effector position out of boundary!
[2024-08-15 14:43:26.860] [airbot] [warning] Target end effector position out of boundary!
[2024-08-15 14:43:26.860] [airbot] [warning] Target end effector position out of boundary!
[2024-08-15 14:43:26.860] [airbot] [warning] Target end effector position out of boundary!
[2024-08-15 14:43:26.860] [airbot] [warning] Target end effector position out of boundary!
[2024-08-15 14:43:26.860] [airbot] [warning] Target end effector position out of boundary!
[2024-08-15 14:43:26.860] [airbot] [warning] Target end effector position out of boundary!
[2024-08-15 14:43:26.860] [airbot] [warning] Target end effector position out of boundary!
[2024-08-15 14:43:26.860] [airbot] [warning] Target end effector position out of boundary!
[2024-08-15 14:43:26.860] [airbot] [warning] Target end effector position out of boundary!
[2024-08-15 14:43:26.860] [airbot] [warning] Target end effector position out of boundary!
[2024-08-15 14:43:26.860] [airbot] [warning] Target end effector position out of boundary!
[2024-08-15 14:43:26.860] [airbot] [warning] Target end effector position out of boundary!
[2024-08-15 14:43:26.860] [airbot] [warning] Target end effector position out of boundary!
[2024-08-15 14:43:26.860] [airbot] [warning] Target end effector position out of boundary!
[2024-08-15 14:43:26.860] [airbot] [warning] Target end effector position out of boundary!
[2024-08-15 14:43:26.860] [airbot] [warning] Target end effector position out of boundary!
[2024-08-15 14:43:26.860] [airbot] [warning] Target end effector position out of boundary!
[2024-08-15 14:43:26.860] [airbot] [warning] Target end effector position out of boundary!
[2024-08-15 14:43:26.860] [airbot] [warning] Target end effector position out of boundary!
[2024-08-15 14:43:26.860] [airbot] [warning] Target end effector position out of boundary!
[2024-08-15 14:43:26.860] [airbot] [warning] Target end effector position out of boundary!
[2024-08-15 14:43:26.860] [airbot] [warning] Target end effector position out of boundary!
[2024-08-15 14:43:26.860] [airbot] [warning] Target end effector position out of boundary!
[2024-08-15 14:43:26.860] [airbot] [warning] Target end effector position out of boundary!
[2024-08-15 14:43:26.860] [airbot] [warning] Target end effector position out of boundary!
[2024-08-15 14:43:26.860] [airbot] [warning] Target end effector position out of boundary!
[2024-08-15 14:43:26.860] [airbot] [warning] Target end effector position out of boundary!
[2024-08-15 14:43:26.860] [airbot] [warning] Target end effector position out of boundary!
[2024-08-15 14:43:26.860] [airbot] [warning] Target end effector position out of boundary!
[2024-08-15 14:43:26.860] [airbot] [warning] Target end effector position out of boundary!
[2024-08-15 14:43:26.860] [airbot] [warning] Target end effector position out of boundary!
[2024-08-15 14:43:26.860] [airbot] [warning] Target end effector position out of boundary!
[2024-08-15 14:43:26.860] [airbot] [warning] Target end effector position out of boundary!
[2024-08-15 14:43:26.860] [airbot] [warning] Target end effector position out of boundary!
[2024-08-15 14:43:26.860] [airbot] [warning] Target end effector position out of boundary!
[2024-08-15 14:43:26.860] [airbot] [warning] Target end effector position out of boundary!
[2024-08-15 14:43:26.860] [airbot] [warning] Target end effector position out of boundary!
[2024-08-15 14:43:26.860] [airbot] [warning] Target end effector position out of boundary!
[2024-08-15 14:43:26.860] [airbot] [warning] Target end effector position out of boundary!
[2024-08-15 14:43:26.860] [airbot] [warning] Target end effector position out of boundary!
[2024-08-15 14:43:26.860] [airbot] [warning] Target end effector position out of boundary!
[2024-08-15 14:43:26.860] [airbot] [warning] Target end effector position out of boundary!
[2024-08-15 14:43:26.860] [airbot] [warning] Target end effector position out of boundary!
[2024-08-15 14:43:26.860] [airbot] [warning] Target end effector position out of boundary!
[2024-08-15 14:43:26.860] [airbot] [warning] Target end effector position out of boundary!
[2024-08-15 14:43:26.860] [airbot] [warning] Target end effector position out of boundary!
[2024-08-15 14:43:26.860] [airbot] [warning] Target end effector position out of boundary!
[2024-08-15 14:43:26.860] [airbot] [warning] Target end effector position out of boundary!
[2024-08-15 14:43:26.860] [airbot] [warning] Target end effector position out of boundary!
[2024-08-15 14:43:26.860] [airbot] [warning] Target end effector position out of boundary!
[2024-08-15 14:43:26.860] [airbot] [warning] Target end effector position out of boundary!
[2024-08-15 14:43:26.860] [airbot] [warning] Target end effector position out of boundary!
[2024-08-15 14:43:26.860] [airbot] [warning] Target end effector position out of boundary!
[2024-08-15 14:43:26.860] [airbot] [warning] Target end effector position out of boundary!
[2024-08-15 14:43:26.860] [airbot] [warning] Target end effector position out of boundary!
[2024-08-15 14:43:26.860] [airbot] [warning] Target end effector position out of boundary!
[2024-08-15 14:43:26.860] [airbot] [warning] Target end effector position out of boundary!
[2024-08-15 14:43:26.860] [airbot] [warning] Target end effector position out of boundary!
[2024-08-15 14:43:26.860] [airbot] [warning] Target end effector position out of boundary!
[2024-08-15 14:43:26.860] [airbot] [warning] Target end effector position out of boundary!
[2024-08-15 14:43:26.860] [airbot] [warning] Target end effector position out of boundary!
[2024-08-15 14:43:26.860] [airbot] [warning] Target end effector position out of boundary!
[2024-08-15 14:43:26.860] [airbot] [warning] Target end effector position out of boundary!
[2024-08-15 14:43:28.164] [airbot] [info] robot is running, update frame rate: 560.3
[2024-08-15 14:43:31.295] [airbot] [info] robot is running, update frame rate: 561.3
[2024-08-15 14:43:33.054] [airbot] [warning] current state is DEMONSTRATE, set_target_joint_q is NOT permitted
[2024-08-15 14:43:33.054] [airbot] [warning] current state is DEMONSTRATE, set_target_end is NOT permitted
[2024-08-15 14:43:34.803] [airbot] [info] changing mode from DEMONSTRATE to ONLINE
[2024-08-15 14:43:34.804] [airbot] [info] control mode changed, from: JOINT_MIT to: JOINT_POS
[2024-08-15 14:43:36.719] [airbot] [info] Planning: Trajectory generated with target joint positions: 0.00000 0.00000 0.00000 0.00000 0.00000 0.00000 
[2024-08-15 14:43:36.719] [airbot] [info] Planning: Total steps: 495112, start timestamp: 1723704216719386
[2024-08-15 14:43:37.215] [airbot] [info] execution with simple planning in JOINT_POS is finished
[2024-08-15 14:43:38.165] [airbot] [info] robot is running, update frame rate: 561.2
[2024-08-15 14:43:41.296] [airbot] [info] robot is running, update frame rate: 562.0
[2024-08-15 14:43:48.166] [airbot] [info] robot is running, update frame rate: 562.1
[2024-08-15 14:43:51.297] [airbot] [info] robot is running, update frame rate: 562.4
[2024-08-15 14:43:58.167] [airbot] [info] robot is running, update frame rate: 562.5
[2024-08-15 14:44:01.298] [airbot] [info] robot is running, update frame rate: 562.5
[2024-08-15 14:44:08.167] [airbot] [info] robot is running, update frame rate: 562.1
[2024-08-15 14:44:11.300] [airbot] [info] robot is running, update frame rate: 562.3
[2024-08-15 14:44:18.168] [airbot] [info] robot is running, update frame rate: 562.3
[2024-08-15 14:44:21.300] [airbot] [info] robot is running, update frame rate: 562.4
[2024-08-15 14:44:28.169] [airbot] [info] robot is running, update frame rate: 562.3
[2024-08-15 14:44:31.302] [airbot] [info] robot is running, update frame rate: 562.8
[2024-08-15 14:44:38.169] [airbot] [info] robot is running, update frame rate: 562.3
[2024-08-15 14:44:41.303] [airbot] [info] robot is running, update frame rate: 562.5
[2024-08-15 14:44:48.170] [airbot] [info] robot is running, update frame rate: 562.2
[2024-08-15 14:44:51.303] [airbot] [info] robot is running, update frame rate: 562.3
[2024-08-15 14:44:58.170] [airbot] [info] robot is running, update frame rate: 562.3
[2024-08-15 14:45:01.304] [airbot] [info] robot is running, update frame rate: 562.6
[2024-08-15 14:45:08.171] [airbot] [info] robot is running, update frame rate: 562.3
[2024-08-15 14:45:11.306] [airbot] [info] robot is running, update frame rate: 562.8
[2024-08-15 14:45:18.173] [airbot] [info] robot is running, update frame rate: 562.5
[2024-08-15 14:45:21.306] [airbot] [info] robot is running, update frame rate: 562.5
[2024-08-15 14:45:28.174] [airbot] [info] robot is running, update frame rate: 562.0
[2024-08-15 14:45:31.306] [airbot] [info] robot is running, update frame rate: 562.4
[2024-08-15 14:45:38.176] [airbot] [info] robot is running, update frame rate: 562.2
[2024-08-15 14:45:41.307] [airbot] [info] robot is running, update frame rate: 562.4
[2024-08-15 14:45:48.176] [airbot] [info] robot is running, update frame rate: 562.2
[2024-08-15 14:45:51.309] [airbot] [info] robot is running, update frame rate: 562.4
[2024-08-15 14:45:58.176] [airbot] [info] robot is running, update frame rate: 561.8
[2024-08-15 14:46:01.309] [airbot] [info] robot is running, update frame rate: 562.0
[2024-08-15 14:46:08.177] [airbot] [info] robot is running, update frame rate: 562.2
[2024-08-15 14:46:11.311] [airbot] [info] robot is running, update frame rate: 562.4
[2024-08-15 14:46:18.177] [airbot] [info] robot is running, update frame rate: 561.9
[2024-08-15 14:46:21.311] [airbot] [info] robot is running, update frame rate: 562.2
[2024-08-15 14:46:24.664] [airbot] [info] Planning: Target joint position is too close to current joint position, no need to plan!
[2024-08-15 14:46:24.665] [airbot] [info] execution with simple planning in JOINT_POS is finished
[2024-08-15 14:46:27.286] [airbot] [info] changing mode from ONLINE to DEMONSTRATE
[2024-08-15 14:46:27.287] [airbot] [info] control mode changed, from: JOINT_POS to: JOINT_MIT
[2024-08-15 14:46:28.178] [airbot] [info] robot is running, update frame rate: 561.9
[2024-08-15 14:46:31.312] [airbot] [info] robot is running, update frame rate: 562.2
[2024-08-15 14:46:36.740] [airbot] [info] changing mode from DEMONSTRATE to ONLINE
[2024-08-15 14:46:36.741] [airbot] [info] control mode changed, from: JOINT_MIT to: JOINT_POS
[2024-08-15 14:46:38.179] [airbot] [info] robot is running, update frame rate: 560.7
[2024-08-15 14:46:38.861] [airbot] [info] Planning: Trajectory generated with target joint positions: 0.00000 0.00000 0.00000 0.00000 0.00000 0.00000 
[2024-08-15 14:46:38.861] [airbot] [info] Planning: Total steps: 349464, start timestamp: 1723704398861148
[2024-08-15 14:46:39.211] [airbot] [info] execution with simple planning in JOINT_POS is finished
[2024-08-15 14:46:41.313] [airbot] [info] robot is running, update frame rate: 562.2
[2024-08-15 14:46:48.180] [airbot] [info] robot is running, update frame rate: 562.0
[2024-08-15 14:46:51.314] [airbot] [info] robot is running, update frame rate: 562.5
[2024-08-15 14:46:55.311] [airbot] [info] ================== Shutting Down ===================
[2024-08-15 14:46:55.311] [airbot] [info] Planning: Target joint position is too close to current joint position, no need to plan!
[2024-08-15 14:46:55.311] [airbot] [info] Planning: Trajectory generated with target joint positions: 0.00000 0.17453 -0.08727 0.00000 0.00000 0.00000 
[2024-08-15 14:46:55.311] [airbot] [info] Planning: Total steps: 161895, start timestamp: 1723704415311086
[2024-08-15 14:46:55.311] [airbot] [info] ================== Shutting Down ===================
[2024-08-15 14:46:55.311] [airbot] [info] Planning: Target joint position is too close to current joint position, no need to plan!
[2024-08-15 14:46:55.311] [airbot] [info] Planning: Trajectory generated with target joint positions: 0.00000 0.17453 -0.08727 0.00000 0.00000 0.00000 
[2024-08-15 14:46:55.311] [airbot] [info] Planning: Total steps: 163188, start timestamp: 1723704415311141
[2024-08-15 14:46:55.473] [airbot] [info] execution with simple planning in JOINT_POS is finished
[2024-08-15 14:46:55.475] [airbot] [info] execution with simple planning in JOINT_POS is finished
