[2024-08-02 01:16:00.118] [airbot] [warning] Target end effector position out of boundary!
[2024-08-02 01:16:00.118] [airbot] [warning] Target end effector position out of boundary!
[2024-08-02 01:16:00.118] [airbot] [warning] Target end effector position out of boundary!
[2024-08-02 01:16:00.118] [airbot] [warning] Target end effector position out of boundary!
[2024-08-02 01:16:00.118] [airbot] [warning] Target end effector position out of boundary!
[2024-08-02 01:16:00.118] [airbot] [warning] Target end effector position out of boundary!
[2024-08-02 01:16:00.118] [airbot] [warning] Target end effector position out of boundary!
[2024-08-02 01:16:00.118] [airbot] [warning] Target end effector position out of boundary!
[2024-08-02 01:16:00.118] [airbot] [warning] Target end effector position out of boundary!
[2024-08-02 01:16:00.118] [airbot] [warning] Target end effector position out of boundary!
[2024-08-02 01:16:00.118] [airbot] [warning] Target end effector position out of boundary!
[2024-08-02 01:16:00.118] [airbot] [warning] Target end effector position out of boundary!
[2024-08-02 01:16:00.118] [airbot] [warning] Target end effector position out of boundary!
[2024-08-02 01:16:00.118] [airbot] [warning] Target end effector position out of boundary!
[2024-08-02 01:16:00.118] [airbot] [warning] Target end effector position out of boundary!
[2024-08-02 01:16:00.118] [airbot] [warning] Target end effector position out of boundary!
[2024-08-02 01:16:00.118] [airbot] [warning] Target end effector position out of boundary!
[2024-08-02 01:16:00.118] [airbot] [warning] Target end effector position out of boundary!
[2024-08-02 01:16:00.118] [airbot] [warning] Target end effector position out of boundary!
[2024-08-02 01:16:00.118] [airbot] [warning] Target end effector position out of boundary!
[2024-08-02 01:16:00.118] [airbot] [warning] Target end effector position out of boundary!
[2024-08-02 01:16:00.118] [airbot] [warning] Target end effector position out of boundary!
[2024-08-02 01:16:00.118] [airbot] [warning] Target end effector position out of boundary!
[2024-08-02 01:16:00.118] [airbot] [warning] Target end effector position out of boundary!
[2024-08-02 01:16:00.118] [airbot] [warning] Target end effector position out of boundary!
[2024-08-02 01:16:00.118] [airbot] [warning] Target end effector position out of boundary!
[2024-08-02 01:16:00.118] [airbot] [warning] Target end effector position out of boundary!
[2024-08-02 01:16:00.118] [airbot] [warning] Target end effector position out of boundary!
[2024-08-02 01:16:00.118] [airbot] [warning] Target end effector position out of boundary!
[2024-08-02 01:16:00.118] [airbot] [warning] Target end effector position out of boundary!
[2024-08-02 01:16:00.118] [airbot] [warning] Target end effector position out of boundary!
[2024-08-02 01:16:00.118] [airbot] [warning] Target end effector position out of boundary!
[2024-08-02 01:16:00.118] [airbot] [warning] Target end effector position out of boundary!
[2024-08-02 01:16:00.118] [airbot] [warning] Target end effector position out of boundary!
[2024-08-02 01:16:00.118] [airbot] [warning] Target end effector position out of boundary!
[2024-08-02 01:16:00.118] [airbot] [warning] Target end effector position out of boundary!
[2024-08-02 01:16:00.118] [airbot] [warning] Target end effector position out of boundary!
[2024-08-02 01:16:00.118] [airbot] [warning] Target end effector position out of boundary!
[2024-08-02 01:16:00.118] [airbot] [warning] Target end effector position out of boundary!
[2024-08-02 01:16:00.118] [airbot] [warning] Target end effector position out of boundary!
[2024-08-02 01:16:00.118] [airbot] [warning] Target end effector position out of boundary!
[2024-08-02 01:16:00.118] [airbot] [warning] Target end effector position out of boundary!
[2024-08-02 01:16:00.118] [airbot] [warning] Target end effector position out of boundary!
[2024-08-02 01:16:00.118] [airbot] [warning] Target end effector position out of boundary!
[2024-08-02 01:16:00.118] [airbot] [warning] Target end effector position out of boundary!
[2024-08-02 01:16:00.118] [airbot] [warning] Target end effector position out of boundary!
[2024-08-02 01:16:00.118] [airbot] [warning] Target end effector position out of boundary!
[2024-08-02 01:16:00.118] [airbot] [warning] Target end effector position out of boundary!
[2024-08-02 01:16:00.118] [airbot] [warning] Target end effector position out of boundary!
[2024-08-02 01:16:00.118] [airbot] [warning] Target end effector position out of boundary!
[2024-08-02 01:16:00.118] [airbot] [warning] Target end effector position out of boundary!
[2024-08-02 01:16:00.118] [airbot] [warning] Target end effector position out of boundary!
[2024-08-02 01:16:00.118] [airbot] [warning] Target end effector position out of boundary!
[2024-08-02 01:16:00.118] [airbot] [warning] Target end effector position out of boundary!
[2024-08-02 01:16:00.118] [airbot] [warning] Target end effector position out of boundary!
[2024-08-02 01:16:00.118] [airbot] [warning] Target end effector position out of boundary!
[2024-08-02 01:16:00.118] [airbot] [warning] Target end effector position out of boundary!
[2024-08-02 01:16:00.118] [airbot] [warning] Target end effector position out of boundary!
[2024-08-02 01:16:00.119] [airbot] [warning] Target end effector position out of boundary!
[2024-08-02 01:16:00.119] [airbot] [warning] Target end effector position out of boundary!
[2024-08-02 01:16:00.119] [airbot] [warning] Target end effector position out of boundary!
[2024-08-02 01:16:00.119] [airbot] [warning] Target end effector position out of boundary!
[2024-08-02 01:16:00.119] [airbot] [warning] Target end effector position out of boundary!
[2024-08-02 01:16:00.119] [airbot] [warning] Target end effector position out of boundary!
[2024-08-02 01:16:00.119] [airbot] [warning] Target end effector position out of boundary!
[2024-08-02 01:16:00.119] [airbot] [warning] Target end effector position out of boundary!
[2024-08-02 01:16:00.119] [airbot] [warning] Target end effector position out of boundary!
[2024-08-02 01:16:00.119] [airbot] [warning] Target end effector position out of boundary!
[2024-08-02 01:16:00.119] [airbot] [warning] Target end effector position out of boundary!
[2024-08-02 01:16:00.119] [airbot] [warning] Target end effector position out of boundary!
[2024-08-02 01:16:00.119] [airbot] [warning] Target end effector position out of boundary!
[2024-08-02 01:16:00.119] [airbot] [warning] Target end effector position out of boundary!
[2024-08-02 01:16:00.119] [airbot] [warning] Target end effector position out of boundary!
[2024-08-02 01:16:00.119] [airbot] [warning] Target end effector position out of boundary!
[2024-08-02 01:16:00.119] [airbot] [warning] Target end effector position out of boundary!
[2024-08-02 01:16:00.119] [airbot] [warning] Target end effector position out of boundary!
[2024-08-02 01:16:00.119] [airbot] [warning] Target end effector position out of boundary!
[2024-08-02 01:16:00.119] [airbot] [warning] Target end effector position out of boundary!
[2024-08-02 01:16:00.119] [airbot] [warning] Target end effector position out of boundary!
[2024-08-02 01:16:00.119] [airbot] [warning] Target end effector position out of boundary!
[2024-08-02 01:16:00.119] [airbot] [warning] Target end effector position out of boundary!
[2024-08-02 01:16:00.119] [airbot] [warning] Target end effector position out of boundary!
[2024-08-02 01:16:00.119] [airbot] [warning] Target end effector position out of boundary!
[2024-08-02 01:16:00.119] [airbot] [warning] Target end effector position out of boundary!
[2024-08-02 01:16:00.119] [airbot] [warning] Target end effector position out of boundary!
[2024-08-02 01:16:00.119] [airbot] [warning] Target end effector position out of boundary!
[2024-08-02 01:16:00.119] [airbot] [warning] Target end effector position out of boundary!
[2024-08-02 01:16:00.119] [airbot] [warning] Target end effector position out of boundary!
[2024-08-02 01:16:00.119] [airbot] [warning] Target end effector position out of boundary!
[2024-08-02 01:16:00.119] [airbot] [warning] Target end effector position out of boundary!
[2024-08-02 01:16:00.119] [airbot] [warning] Target end effector position out of boundary!
[2024-08-02 01:16:00.119] [airbot] [warning] Target end effector position out of boundary!
[2024-08-02 01:16:00.119] [airbot] [warning] Target end effector position out of boundary!
[2024-08-02 01:16:00.119] [airbot] [warning] Target end effector position out of boundary!
[2024-08-02 01:16:00.119] [airbot] [warning] Target end effector position out of boundary!
[2024-08-02 01:16:00.119] [airbot] [warning] Target end effector position out of boundary!
[2024-08-02 01:16:00.119] [airbot] [warning] Target end effector position out of boundary!
[2024-08-02 01:16:00.119] [airbot] [warning] Target end effector position out of boundary!
[2024-08-02 01:16:00.119] [airbot] [warning] Target end effector position out of boundary!
[2024-08-02 01:16:00.119] [airbot] [warning] Target end effector position out of boundary!
[2024-08-02 01:16:00.119] [airbot] [warning] Target end effector position out of boundary!
[2024-08-02 01:16:00.119] [airbot] [warning] Target end effector position out of boundary!
[2024-08-02 01:16:00.119] [airbot] [warning] Target end effector position out of boundary!
[2024-08-02 01:16:00.119] [airbot] [warning] Target end effector position out of boundary!
[2024-08-02 01:16:00.119] [airbot] [warning] Target end effector position out of boundary!
[2024-08-02 01:16:00.119] [airbot] [warning] Target end effector position out of boundary!
[2024-08-02 01:16:00.119] [airbot] [warning] Target end effector position out of boundary!
[2024-08-02 01:16:00.119] [airbot] [warning] Target end effector position out of boundary!
[2024-08-02 01:16:00.119] [airbot] [warning] Target end effector position out of boundary!
[2024-08-02 01:16:00.119] [airbot] [warning] Target end effector position out of boundary!
[2024-08-02 01:16:00.119] [airbot] [warning] Target end effector position out of boundary!
[2024-08-02 01:16:00.119] [airbot] [warning] Target end effector position out of boundary!
[2024-08-02 01:16:00.119] [airbot] [warning] Target end effector position out of boundary!
[2024-08-02 01:16:00.119] [airbot] [warning] Target end effector position out of boundary!
[2024-08-02 01:16:00.119] [airbot] [warning] Target end effector position out of boundary!
[2024-08-02 01:16:00.119] [airbot] [warning] Target end effector position out of boundary!
[2024-08-02 01:16:00.119] [airbot] [warning] Target end effector position out of boundary!
[2024-08-02 01:16:00.119] [airbot] [warning] Target end effector position out of boundary!
[2024-08-02 01:16:00.119] [airbot] [warning] Target end effector position out of boundary!
[2024-08-02 01:16:00.119] [airbot] [warning] Target end effector position out of boundary!
[2024-08-02 01:16:00.119] [airbot] [warning] Target end effector position out of boundary!
[2024-08-02 01:16:00.119] [airbot] [warning] Target end effector position out of boundary!
[2024-08-02 01:16:00.119] [airbot] [warning] Target end effector position out of boundary!
[2024-08-02 01:16:00.119] [airbot] [warning] Target end effector position out of boundary!
[2024-08-02 01:16:00.119] [airbot] [warning] Target end effector position out of boundary!
[2024-08-02 01:16:00.119] [airbot] [warning] Target end effector position out of boundary!
[2024-08-02 01:16:00.119] [airbot] [warning] Target end effector position out of boundary!
[2024-08-02 01:16:00.119] [airbot] [warning] Target end effector position out of boundary!
[2024-08-02 01:16:00.119] [airbot] [warning] Target end effector position out of boundary!
[2024-08-02 01:16:00.119] [airbot] [warning] Target end effector position out of boundary!
[2024-08-02 01:16:00.119] [airbot] [warning] Target end effector position out of boundary!
[2024-08-02 01:16:00.119] [airbot] [warning] Target end effector position out of boundary!
[2024-08-02 01:16:00.119] [airbot] [warning] Target end effector position out of boundary!
[2024-08-02 01:16:00.119] [airbot] [warning] Target end effector position out of boundary!
[2024-08-02 01:16:00.119] [airbot] [warning] Target end effector position out of boundary!
[2024-08-02 01:16:00.119] [airbot] [warning] Target end effector position out of boundary!
[2024-08-02 01:16:00.119] [airbot] [warning] Target end effector position out of boundary!
[2024-08-02 01:16:00.119] [airbot] [warning] Target end effector position out of boundary!
[2024-08-02 01:16:00.119] [airbot] [warning] Target end effector position out of boundary!
[2024-08-02 01:16:00.119] [airbot] [warning] Target end effector position out of boundary!
[2024-08-02 01:16:00.119] [airbot] [warning] Target end effector position out of boundary!
[2024-08-02 01:16:00.119] [airbot] [warning] Target end effector position out of boundary!
[2024-08-02 01:16:00.119] [airbot] [warning] Target end effector position out of boundary!
[2024-08-02 01:16:00.119] [airbot] [warning] Target end effector position out of boundary!
[2024-08-02 01:16:00.119] [airbot] [warning] Target end effector position out of boundary!
[2024-08-02 01:16:00.119] [airbot] [warning] Target end effector position out of boundary!
[2024-08-02 01:16:00.119] [airbot] [warning] Target end effector position out of boundary!
[2024-08-02 01:16:00.119] [airbot] [warning] Target end effector position out of boundary!
[2024-08-02 01:16:00.119] [airbot] [warning] Target end effector position out of boundary!
[2024-08-02 01:16:00.119] [airbot] [warning] Target end effector position out of boundary!
[2024-08-02 01:16:00.119] [airbot] [warning] Target end effector position out of boundary!
[2024-08-02 01:16:00.119] [airbot] [warning] Target end effector position out of boundary!
[2024-08-02 01:16:00.119] [airbot] [warning] Target end effector position out of boundary!
[2024-08-02 01:16:00.119] [airbot] [warning] Target end effector position out of boundary!
[2024-08-02 01:16:00.119] [airbot] [warning] Target end effector position out of boundary!
[2024-08-02 01:16:00.119] [airbot] [warning] Target end effector position out of boundary!
[2024-08-02 01:16:00.119] [airbot] [warning] Target end effector position out of boundary!
[2024-08-02 01:16:00.119] [airbot] [warning] Target end effector position out of boundary!
[2024-08-02 01:16:00.119] [airbot] [warning] Target end effector position out of boundary!
[2024-08-02 01:16:00.119] [airbot] [warning] Target end effector position out of boundary!
[2024-08-02 01:16:00.119] [airbot] [warning] Target end effector position out of boundary!
[2024-08-02 01:16:00.119] [airbot] [warning] Target end effector position out of boundary!
[2024-08-02 01:16:00.119] [airbot] [warning] Target end effector position out of boundary!
[2024-08-02 01:16:00.119] [airbot] [warning] Target end effector position out of boundary!
[2024-08-02 01:16:00.119] [airbot] [warning] Target end effector position out of boundary!
[2024-08-02 01:16:00.119] [airbot] [warning] Target end effector position out of boundary!
[2024-08-02 01:16:00.119] [airbot] [warning] Target end effector position out of boundary!
[2024-08-02 01:16:00.119] [airbot] [warning] Target end effector position out of boundary!
[2024-08-02 01:16:00.119] [airbot] [warning] Target end effector position out of boundary!
[2024-08-02 01:16:00.119] [airbot] [warning] Target end effector position out of boundary!
[2024-08-02 01:16:00.119] [airbot] [warning] Target end effector position out of boundary!
[2024-08-02 01:16:00.119] [airbot] [warning] Target end effector position out of boundary!
[2024-08-02 01:16:00.119] [airbot] [warning] Target end effector position out of boundary!
[2024-08-02 01:16:00.119] [airbot] [warning] Target end effector position out of boundary!
[2024-08-02 01:16:00.119] [airbot] [warning] Target end effector position out of boundary!
[2024-08-02 01:16:00.119] [airbot] [warning] Target end effector position out of boundary!
[2024-08-02 01:16:00.119] [airbot] [warning] Target end effector position out of boundary!
[2024-08-02 01:16:00.119] [airbot] [warning] Target end effector position out of boundary!
[2024-08-02 01:16:00.119] [airbot] [warning] Target end effector position out of boundary!
[2024-08-02 01:16:00.119] [airbot] [warning] Target end effector position out of boundary!
[2024-08-02 01:16:00.119] [airbot] [warning] Target end effector position out of boundary!
[2024-08-02 01:16:00.119] [airbot] [warning] Target end effector position out of boundary!
[2024-08-02 01:16:00.119] [airbot] [warning] Target end effector position out of boundary!
[2024-08-02 01:16:00.119] [airbot] [warning] Target end effector position out of boundary!
[2024-08-02 01:16:00.119] [airbot] [warning] Target end effector position out of boundary!
[2024-08-02 01:16:00.119] [airbot] [warning] Target end effector position out of boundary!
[2024-08-02 01:16:00.119] [airbot] [warning] Target end effector position out of boundary!
[2024-08-02 01:16:00.119] [airbot] [warning] Target end effector position out of boundary!
[2024-08-02 01:16:00.119] [airbot] [warning] Target end effector position out of boundary!
[2024-08-02 01:16:00.119] [airbot] [warning] Target end effector position out of boundary!
[2024-08-02 01:16:00.119] [airbot] [warning] Target end effector position out of boundary!
[2024-08-02 01:16:00.119] [airbot] [warning] Target end effector position out of boundary!
[2024-08-02 01:16:00.119] [airbot] [warning] Target end effector position out of boundary!
[2024-08-02 01:16:00.119] [airbot] [warning] Target end effector position out of boundary!
[2024-08-02 01:16:00.119] [airbot] [warning] Target end effector position out of boundary!
[2024-08-02 01:16:00.119] [airbot] [warning] Target end effector position out of boundary!
[2024-08-02 01:16:00.119] [airbot] [warning] Target end effector position out of boundary!
[2024-08-02 01:16:00.119] [airbot] [warning] Target end effector position out of boundary!
[2024-08-02 01:16:00.119] [airbot] [warning] Target end effector position out of boundary!
[2024-08-02 01:16:00.119] [airbot] [warning] Target end effector position out of boundary!
[2024-08-02 01:16:00.119] [airbot] [warning] Target end effector position out of boundary!
[2024-08-02 01:16:00.119] [airbot] [warning] Target end effector position out of boundary!
[2024-08-02 01:16:00.119] [airbot] [warning] Target end effector position out of boundary!
[2024-08-02 01:16:00.119] [airbot] [warning] Target end effector position out of boundary!
[2024-08-02 01:16:00.119] [airbot] [warning] Target end effector position out of boundary!
[2024-08-02 01:16:00.119] [airbot] [warning] Target end effector position out of boundary!
[2024-08-02 01:16:00.119] [airbot] [warning] Target end effector position out of boundary!
[2024-08-02 01:16:00.119] [airbot] [warning] Target end effector position out of boundary!
[2024-08-02 01:16:00.119] [airbot] [warning] Target end effector position out of boundary!
[2024-08-02 01:16:00.119] [airbot] [warning] Target end effector position out of boundary!
[2024-08-02 01:16:00.119] [airbot] [warning] Target end effector position out of boundary!
[2024-08-02 01:16:00.119] [airbot] [warning] Target end effector position out of boundary!
[2024-08-02 01:16:00.119] [airbot] [warning] Target end effector position out of boundary!
[2024-08-02 01:16:00.119] [airbot] [warning] Target end effector position out of boundary!
[2024-08-02 01:16:00.119] [airbot] [warning] Target end effector position out of boundary!
[2024-08-02 01:16:00.119] [airbot] [warning] Target end effector position out of boundary!
[2024-08-02 01:16:00.119] [airbot] [warning] Target end effector position out of boundary!
[2024-08-02 01:16:00.119] [airbot] [warning] Target end effector position out of boundary!
[2024-08-02 01:16:00.119] [airbot] [warning] Target end effector position out of boundary!
[2024-08-02 01:16:00.119] [airbot] [warning] Target end effector position out of boundary!
[2024-08-02 01:16:00.119] [airbot] [warning] Target end effector position out of boundary!
[2024-08-02 01:16:00.119] [airbot] [warning] Target end effector position out of boundary!
[2024-08-02 01:16:00.119] [airbot] [warning] Target end effector position out of boundary!
[2024-08-02 01:16:00.119] [airbot] [warning] Target end effector position out of boundary!
[2024-08-02 01:16:00.119] [airbot] [warning] Target end effector position out of boundary!
[2024-08-02 01:16:00.119] [airbot] [warning] Target end effector position out of boundary!
[2024-08-02 01:16:00.119] [airbot] [warning] Target end effector position out of boundary!
[2024-08-02 01:16:00.119] [airbot] [warning] Target end effector position out of boundary!
[2024-08-02 01:16:00.119] [airbot] [warning] Target end effector position out of boundary!
[2024-08-02 01:16:00.119] [airbot] [warning] Target end effector position out of boundary!
[2024-08-02 01:16:00.119] [airbot] [warning] Target end effector position out of boundary!
[2024-08-02 01:16:00.119] [airbot] [warning] Target end effector position out of boundary!
[2024-08-02 01:16:00.119] [airbot] [warning] Target end effector position out of boundary!
[2024-08-02 01:16:00.119] [airbot] [warning] Target end effector position out of boundary!
[2024-08-02 01:16:00.119] [airbot] [warning] Target end effector position out of boundary!
[2024-08-02 01:16:00.119] [airbot] [warning] Target end effector position out of boundary!
[2024-08-02 01:16:00.119] [airbot] [warning] Target end effector position out of boundary!
[2024-08-02 01:16:00.119] [airbot] [warning] Target end effector position out of boundary!
[2024-08-02 01:16:00.119] [airbot] [warning] Target end effector position out of boundary!
[2024-08-02 01:16:00.119] [airbot] [warning] Target end effector position out of boundary!
[2024-08-02 01:16:00.119] [airbot] [warning] Target end effector position out of boundary!
[2024-08-02 01:16:00.119] [airbot] [warning] Target end effector position out of boundary!
[2024-08-02 01:16:00.119] [airbot] [warning] Target end effector position out of boundary!
[2024-08-02 01:16:00.119] [airbot] [warning] Target end effector position out of boundary!
[2024-08-02 01:16:00.119] [airbot] [warning] Target end effector position out of boundary!
[2024-08-02 01:16:00.119] [airbot] [warning] Target end effector position out of boundary!
[2024-08-02 01:16:00.119] [airbot] [warning] Target end effector position out of boundary!
[2024-08-02 01:16:00.119] [airbot] [warning] Target end effector position out of boundary!
[2024-08-02 01:16:00.119] [airbot] [warning] Target end effector position out of boundary!
[2024-08-02 01:16:00.119] [airbot] [warning] Target end effector position out of boundary!
[2024-08-02 01:16:00.119] [airbot] [warning] Target end effector position out of boundary!
[2024-08-02 01:16:00.119] [airbot] [warning] Target end effector position out of boundary!
[2024-08-02 01:16:00.119] [airbot] [warning] Target end effector position out of boundary!
[2024-08-02 01:16:00.119] [airbot] [warning] Target end effector position out of boundary!
[2024-08-02 01:16:00.119] [airbot] [warning] Target end effector position out of boundary!
[2024-08-02 01:16:00.119] [airbot] [warning] Target end effector position out of boundary!
[2024-08-02 01:16:00.119] [airbot] [warning] Target end effector position out of boundary!
[2024-08-02 01:16:00.119] [airbot] [warning] Target end effector position out of boundary!
[2024-08-02 01:16:00.119] [airbot] [warning] Target end effector position out of boundary!
[2024-08-02 01:16:00.119] [airbot] [warning] Target end effector position out of boundary!
[2024-08-02 01:16:00.119] [airbot] [warning] Target end effector position out of boundary!
[2024-08-02 01:16:00.119] [airbot] [warning] Target end effector position out of boundary!
[2024-08-02 01:16:00.119] [airbot] [warning] Target end effector position out of boundary!
[2024-08-02 01:16:00.119] [airbot] [warning] Target end effector position out of boundary!
[2024-08-02 01:16:00.119] [airbot] [warning] Target end effector position out of boundary!
[2024-08-02 01:16:00.119] [airbot] [warning] Target end effector position out of boundary!
[2024-08-02 01:16:00.119] [airbot] [warning] Target end effector position out of boundary!
[2024-08-02 01:16:00.119] [airbot] [warning] Target end effector position out of boundary!
[2024-08-02 01:16:00.119] [airbot] [warning] Target end effector position out of boundary!
[2024-08-02 01:16:00.119] [airbot] [warning] Target end effector position out of boundary!
[2024-08-02 01:16:00.119] [airbot] [warning] Target end effector position out of boundary!
[2024-08-02 01:16:00.119] [airbot] [warning] Target end effector position out of boundary!
[2024-08-02 01:16:00.119] [airbot] [warning] Target end effector position out of boundary!
[2024-08-02 01:16:00.119] [airbot] [warning] Target end effector position out of boundary!
[2024-08-02 01:16:00.119] [airbot] [warning] Target end effector position out of boundary!
[2024-08-02 01:16:00.119] [airbot] [warning] Target end effector position out of boundary!
[2024-08-02 01:16:00.119] [airbot] [warning] Target end effector position out of boundary!
[2024-08-02 01:16:00.119] [airbot] [warning] Target end effector position out of boundary!
[2024-08-02 01:16:00.119] [airbot] [warning] Target end effector position out of boundary!
[2024-08-02 01:16:00.119] [airbot] [warning] Target end effector position out of boundary!
[2024-08-02 01:16:00.119] [airbot] [warning] Target end effector position out of boundary!
[2024-08-02 01:16:00.119] [airbot] [warning] Target end effector position out of boundary!
[2024-08-02 01:16:00.119] [airbot] [warning] Target end effector position out of boundary!
[2024-08-02 01:16:00.119] [airbot] [warning] Target end effector position out of boundary!
[2024-08-02 01:16:00.119] [airbot] [warning] Target end effector position out of boundary!
[2024-08-02 01:16:00.119] [airbot] [warning] Target end effector position out of boundary!
[2024-08-02 01:16:00.119] [airbot] [warning] Target end effector position out of boundary!
[2024-08-02 01:16:00.119] [airbot] [warning] Target end effector position out of boundary!
[2024-08-02 01:16:00.127] [airbot] [info] ================== Shutting Down ===================
[2024-08-02 01:16:00.127] [airbot] [info] ================== Shutting Down ===================
[2024-08-02 01:16:00.127] [airbot] [info] Planning: Target joint position is too close to current joint position, no need to plan!
[2024-08-02 01:16:00.127] [airbot] [info] Planning: Target joint position is too close to current joint position, no need to plan!
[2024-08-02 01:16:00.127] [airbot] [info] Planning: Trajectory generated with target joint positions: 0.00000 0.17453 -0.08727 0.00000 0.00000 0.00000 
[2024-08-02 01:16:00.127] [airbot] [info] Planning: Trajectory generated with target joint positions: 0.00000 0.17453 -0.08727 0.00000 0.00000 0.00000 
[2024-08-02 01:16:00.127] [airbot] [info] Planning: Total steps: 162524, start timestamp: 1722532560127161
[2024-08-02 01:16:00.127] [airbot] [info] Planning: Total steps: 161895, start timestamp: 1722532560127157
[2024-08-02 01:16:00.289] [airbot] [info] execution with simple planning in JOINT_POS is finished
[2024-08-02 01:16:00.289] [airbot] [info] execution with simple planning in JOINT_POS is finished
